SF:lib\features\number_trivia\data\models\number_trivia_model.dart
DA:13,1
DA:18,1
DA:19,1
DA:20,1
DA:21,1
DA:25,1
DA:29,3
DA:30,1
DA:32,2
DA:33,1
DA:34,2
DA:35,2
DA:43,2
DA:44,2
DA:45,2
DA:46,2
DA:48,1
DA:49,1
DA:50,2
DA:51,2
DA:52,2
DA:53,2
DA:58,0
DA:59,0
DA:60,0
DA:61,0
DA:65,0
DA:66,0
LF:28
LH:22
end_of_record
SF:lib\core\error\exception.dart
DA:6,0
DA:12,0
LF:2
LH:0
end_of_record
SF:lib\core\platform\number_trivia_local_data_source.dart
DA:25,0
DA:30,0
DA:32,0
DA:33,0
DA:39,0
DA:42,0
DA:46,0
DA:47,0
DA:50,0
DA:51,0
DA:54,0
DA:58,0
DA:60,0
DA:62,0
DA:65,0
DA:68,0
DA:69,0
DA:73,0
DA:77,0
DA:80,0
DA:81,0
DA:85,0
DA:86,0
DA:89,0
DA:90,0
LF:25
LH:0
end_of_record
SF:lib\features\number_trivia\domain\entities\number_trivia.dart
DA:15,0
DA:19,0
DA:20,0
LF:3
LH:0
end_of_record
