SF:lib\core\util\input_converter.dart
DA:6,0
DA:8,0
DA:12,0
DA:14,0
DA:15,0
DA:17,0
DA:21,0
DA:23,0
DA:24,0
LF:9
LH:0
end_of_record
SF:lib\features\number_trivia\domain\entities\number_trivia.dart
DA:15,1
DA:19,1
DA:20,3
LF:3
LH:3
end_of_record
SF:lib\features\number_trivia\domain\usecases\get_concrete_number_usecase.dart
DA:12,0
DA:15,0
DA:17,0
DA:24,1
DA:26,1
DA:27,2
LF:6
LH:3
end_of_record
SF:lib\features\number_trivia\domain\usecases\get_random_number_usecase.dart
DA:12,0
DA:15,0
DA:17,0
LF:3
LH:0
end_of_record
SF:lib\features\number_trivia\presentation\notifier\number_trivia_notifier.dart
DA:18,1
DA:20,2
DA:22,1
DA:23,2
DA:24,1
DA:25,2
DA:26,2
DA:28,3
DA:29,2
DA:31,1
DA:32,3
DA:35,0
DA:36,0
DA:37,0
DA:39,0
DA:40,0
LF:16
LH:11
end_of_record
SF:lib\features\number_trivia\presentation\notifier\number_trivia_state.dart
DA:5,1
DA:6,1
DA:16,1
DA:18,1
DA:19,2
DA:25,0
DA:27,0
DA:28,0
LF:8
LH:5
end_of_record
SF:lib\core\error\failures.dart
DA:12,0
DA:13,0
DA:18,0
DA:23,0
DA:28,0
LF:5
LH:0
end_of_record
SF:lib\core\usecases\usecase.dart
DA:14,0
DA:15,0
LF:2
LH:0
end_of_record
SF:lib\core\util\either_extension.dart
DA:6,1
DA:7,2
DA:8,0
DA:9,1
DA:10,2
DA:16,1
DA:17,1
DA:18,0
DA:19,1
DA:20,1
DA:21,1
DA:26,0
DA:27,0
DA:28,0
DA:29,0
DA:30,0
DA:32,0
LF:17
LH:9
end_of_record
SF:lib\features\number_trivia\presentation\bloc\number_trivia_event.dart
DA:5,0
DA:7,0
DA:8,0
DA:15,0
DA:17,0
DA:18,0
LF:6
LH:0
end_of_record
SF:lib\features\number_trivia\presentation\bloc\number_trivia_bloc.dart
DA:25,0
DA:28,0
DA:30,0
DA:32,0
DA:34,0
DA:35,0
DA:36,0
DA:37,0
DA:39,0
DA:40,0
DA:41,0
DA:46,0
DA:48,0
DA:49,0
DA:50,0
DA:52,0
DA:53,0
DA:54,0
LF:18
LH:0
end_of_record
